<?xml version="1.0" encoding="UTF-8"?>
<!-- Generated by org.testng.reporters.JUnitReportReporter -->
<testsuite skipped="0" hostname="UseMe-PC" name="est.Kishore" tests="1" failures="0" timestamp="08 Apr 2020 06:04:43 GMT" time="8.787" errors="0">
  <testcase name="Test11" time="8.787" classname="est.Kishore"/>
</testsuite> <!-- est.Kishore -->
