<?xml version="1.0" encoding="UTF-8"?>
<!-- Generated by org.testng.reporters.JUnitReportReporter -->
<testsuite skipped="0" hostname="UseMe-PC" name="est.Kishore" tests="1" failures="0" timestamp="21 Mar 2020 16:03:19 GMT" time="8.576" errors="0">
  <testcase name="Test1" time="8.576" classname="est.Kishore"/>
</testsuite> <!-- est.Kishore -->
